*** VICE Version 2.4 ***
OS compiled for: WIN64
GUI compiled for: NATIVE
CPU compiled for: X64
Compiler used: MSVC
Current OS: Unknown Windows version (2 6 1 10 1 256)
Current CPU: Intel Pentium Pro/II/III/Celeron/Core/Core 2/Atom
 
Welcome to x64, the free portable C64 Emulator.
 
Current VICE team members:
D. Lem, A. Matthies, M. Pottendorfer, S. Trikaliotis, M. van den Heuvel,
C. Vogelgsang, F. Gennari, D. Kahlin, A. Lankila, Groepaz, I. Korb,
E. Smith, O. Seibert, M. Sutton, U. Schulz, S. Haubenthal, T. Giesel,
K. Zsolt.
 
This is free software with ABSOLUTELY NO WARRANTY.
See the "About VICE" command for more info.
 
Loading system file `C:\Users\Utilisateur\Documents\BlinkyGX4000_vers3.0\Blinky Commodore 64\WinVICE-2.4-x64\C64\kernal'.
C64MEM: Kernal rev #3.
Loading system file `C:\Users\Utilisateur\Documents\BlinkyGX4000_vers3.0\Blinky Commodore 64\WinVICE-2.4-x64\C64\basic'.
Loading system file `C:\Users\Utilisateur\Documents\BlinkyGX4000_vers3.0\Blinky Commodore 64\WinVICE-2.4-x64\C64\chargen'.
Loading system file `C:\Users\Utilisateur\Documents\BlinkyGX4000_vers3.0\Blinky Commodore 64\WinVICE-2.4-x64\PRINTER\mps803'.
Palette: Loading palette `C:\Users\Utilisateur\Documents\BlinkyGX4000_vers3.0\Blinky Commodore 64\WinVICE-2.4-x64\PRINTER\mps803.vpl'.
Loading system file `C:\Users\Utilisateur\Documents\BlinkyGX4000_vers3.0\Blinky Commodore 64\WinVICE-2.4-x64\PRINTER\nl10-cbm'.
Palette: Loading palette `C:\Users\Utilisateur\Documents\BlinkyGX4000_vers3.0\Blinky Commodore 64\WinVICE-2.4-x64\PRINTER\mps803.vpl'.
NL10: Printer driver initialized.
Loading system file `C:\Users\Utilisateur\Documents\BlinkyGX4000_vers3.0\Blinky Commodore 64\WinVICE-2.4-x64\DRIVES\dos1541'.
Loading system file `C:\Users\Utilisateur\Documents\BlinkyGX4000_vers3.0\Blinky Commodore 64\WinVICE-2.4-x64\DRIVES\d1541II'.
Loading system file `C:\Users\Utilisateur\Documents\BlinkyGX4000_vers3.0\Blinky Commodore 64\WinVICE-2.4-x64\DRIVES\dos1570'.
Loading system file `C:\Users\Utilisateur\Documents\BlinkyGX4000_vers3.0\Blinky Commodore 64\WinVICE-2.4-x64\DRIVES\dos1571'.
Loading system file `C:\Users\Utilisateur\Documents\BlinkyGX4000_vers3.0\Blinky Commodore 64\WinVICE-2.4-x64\DRIVES\dos1581'.
Loading system file `C:\Users\Utilisateur\Documents\BlinkyGX4000_vers3.0\Blinky Commodore 64\WinVICE-2.4-x64\DRIVES\dos2000'.
Loading system file `C:\Users\Utilisateur\Documents\BlinkyGX4000_vers3.0\Blinky Commodore 64\WinVICE-2.4-x64\DRIVES\dos4000'.
Loading system file `C:\Users\Utilisateur\Documents\BlinkyGX4000_vers3.0\Blinky Commodore 64\WinVICE-2.4-x64\DRIVES\dos2031'.
Loading system file `C:\Users\Utilisateur\Documents\BlinkyGX4000_vers3.0\Blinky Commodore 64\WinVICE-2.4-x64\DRIVES\dos2040'.
Loading system file `C:\Users\Utilisateur\Documents\BlinkyGX4000_vers3.0\Blinky Commodore 64\WinVICE-2.4-x64\DRIVES\dos3040'.
Loading system file `C:\Users\Utilisateur\Documents\BlinkyGX4000_vers3.0\Blinky Commodore 64\WinVICE-2.4-x64\DRIVES\dos4040'.
Loading system file `C:\Users\Utilisateur\Documents\BlinkyGX4000_vers3.0\Blinky Commodore 64\WinVICE-2.4-x64\DRIVES\dos1001'.
Drive: Finished loading ROM images.
video_dx9: Failed to prepare for rendering!
Sound: Available sound devices: dx wmm dummy fs dump wav voc iff aiff mp3 soundmovie
TFEARCH: LoadLibrary WPCAP.DLL failed!
Keyboard: Loading keymap `C:\Users\Utilisateur\Documents\BlinkyGX4000_vers3.0\Blinky Commodore 64\WinVICE-2.4-x64\C64\win_pos.vkm'.
Main CPU: starting at ($FFFC).
Main CPU: RESET.
Sound: Opened device `dx', speed 44100Hz, fragment size 23ms, buffer size 116ms
reSID: MOS6581, filter on, sampling rate 44100Hz - fast
Drive 8: RESET.
C64MEM: Kernal rev #3.
Sound: Closing device `dx'
Sound: Opened device `dx', speed 44100Hz, fragment size 23ms, buffer size 116ms
reSID: MOS6581, filter on, sampling rate 44100Hz - fast
Drive 8: RESET (For undump).
video_dx9: Failed to prepare for rendering!
Filesystem Image: Unknown disk image `C:\Users\Utilisateur\Documents\1 - STREAM OBS\ADF-ST-VSF-TAP\Blinkys Scary School (Europe).tap'.
VDrive Internal: Error - Cannot open file `C:\Users\Utilisateur\Documents\1 - STREAM OBS\ADF-ST-VSF-TAP\Blinkys Scary School (Europe).tap'
AUTOSTART: Autodetecting image type of `C:\Users\Utilisateur\Documents\1 - STREAM OBS\ADF-ST-VSF-TAP\Blinkys Scary School (Europe).tap'.
Filesystem Image: Unknown disk image `C:\Users\Utilisateur\Documents\1 - STREAM OBS\ADF-ST-VSF-TAP\Blinkys Scary School (Europe).tap'.
Tape: TAP image 'C:\Users\Utilisateur\Documents\1 - STREAM OBS\ADF-ST-VSF-TAP\Blinkys Scary School (Europe).tap' attached.
Tape: TAP image version: 1, system: 0.
AUTOSTART: Attached file `C:\Users\Utilisateur\Documents\1 - STREAM OBS\ADF-ST-VSF-TAP\Blinkys Scary School (Europe).tap' as a tape image.
AUTOSTART: Resetting the machine to autostart '*'
AUTOSTART: Turning Warp mode on
AUTOSTART: `C:\Users\Utilisateur\Documents\1 - STREAM OBS\ADF-ST-VSF-TAP\Blinkys Scary School (Europe).tap' recognized as tape image.
Main CPU: RESET.
Drive 8: RESET.
AUTOSTART: Loading file.
AUTOSTART: Entered ROM at $f8b7
AUTOSTART: Left ROM for $02b0
AUTOSTART: Turning Warp mode off
AUTOSTART: Done.
video_dx9: Failed to prepare for rendering!

Exiting...
Tape: Detaching TAP image `C:\Users\Utilisateur\Documents\1 - STREAM OBS\ADF-ST-VSF-TAP\Blinkys Scary School (Europe).tap'.
Sound: Closing device `dx'
